<?xml version="1.0" encoding="UTF-8"?>
<testng-results ignored="0" total="4" passed="4" failed="0" skipped="0">
  <reporter-output>
  </reporter-output>
  <suite started-at="2024-02-28T15:57:21 IST" name="Suite" finished-at="2024-02-28T15:58:48 IST" duration-ms="86672">
    <groups>
    </groups>
    <test started-at="2024-02-28T15:57:21 IST" name="Test" finished-at="2024-02-28T15:58:48 IST" duration-ms="86672">
      <class name="pageObjectModel.testngpom">
        <test-method is-config="true" signature="setup()[pri:0, instance:pageObjectModel.testngpom@3f4faf53]" started-at="2024-02-28T15:57:23 IST" name="setup" finished-at="2024-02-28T15:57:35 IST" duration-ms="11863" status="PASS">
          <reporter-output>
          </reporter-output>
        </test-method> <!-- setup -->
        <test-method signature="FindHospitals()[pri:1, instance:pageObjectModel.testngpom@3f4faf53]" started-at="2024-02-28T15:57:35 IST" name="FindHospitals" finished-at="2024-02-28T15:58:19 IST" duration-ms="44074" status="PASS">
          <reporter-output>
          </reporter-output>
        </test-method> <!-- FindHospitals -->
        <test-method signature="Surgeries()[pri:2, instance:pageObjectModel.testngpom@3f4faf53]" started-at="2024-02-28T15:58:19 IST" name="Surgeries" finished-at="2024-02-28T15:58:27 IST" duration-ms="7071" status="PASS">
          <reporter-output>
          </reporter-output>
        </test-method> <!-- Surgeries -->
        <test-method signature="ForCorporate()[pri:3, instance:pageObjectModel.testngpom@3f4faf53]" started-at="2024-02-28T15:58:27 IST" name="ForCorporate" finished-at="2024-02-28T15:58:46 IST" duration-ms="18769" status="PASS">
          <reporter-output>
          </reporter-output>
        </test-method> <!-- ForCorporate -->
        <test-method signature="ThankYou()[pri:4, instance:pageObjectModel.testngpom@3f4faf53]" started-at="2024-02-28T15:58:46 IST" name="ThankYou" finished-at="2024-02-28T15:58:46 IST" duration-ms="82" status="PASS">
          <reporter-output>
          </reporter-output>
        </test-method> <!-- ThankYou -->
        <test-method is-config="true" signature="tearDown()[pri:0, instance:pageObjectModel.testngpom@3f4faf53]" started-at="2024-02-28T15:58:46 IST" name="tearDown" finished-at="2024-02-28T15:58:48 IST" duration-ms="1509" status="PASS">
          <reporter-output>
          </reporter-output>
        </test-method> <!-- tearDown -->
      </class> <!-- pageObjectModel.testngpom -->
    </test> <!-- Test -->
  </suite> <!-- Suite -->
</testng-results>
